<?xml version="1.0" encoding="UTF-8"?>
<!-- Generated by org.testng.reporters.JUnitReportReporter -->
<testsuite hostname="NASEEM" failures="0" tests="1" name="com.inetbanking.testcases.TC_DeleteCustomerNegativeNull" time="12.705" errors="0" timestamp="20 Jan 2019 22:25:20 GMT" skipped="0">
  <testcase classname="com.inetbanking.testcases.TC_DeleteCustomerNegativeNull" name="DeleteCustomerNegativeNull" time="12.705"/>
</testsuite> <!-- com.inetbanking.testcases.TC_DeleteCustomerNegativeNull -->
