<?xml version="1.0" encoding="UTF-8"?>
<!-- Generated by org.testng.reporters.JUnitReportReporter -->
<testsuite hostname="NASEEM" failures="0" tests="1" name="com.inetbanking.testcases.TC_DeleteCustomerNegative" time="16.931" errors="0" timestamp="20 Jan 2019 19:42:06 GMT" skipped="0">
  <testcase classname="com.inetbanking.testcases.TC_DeleteCustomerNegative" name="DeleteCustomer" time="16.931"/>
</testsuite> <!-- com.inetbanking.testcases.TC_DeleteCustomerNegative -->
