<?xml version="1.0" encoding="UTF-8"?>
<!-- Generated by org.testng.reporters.JUnitReportReporter -->
<testsuite hostname="NASEEM" failures="0" tests="1" name="com.inetbanking.testcases.TC_EditCustomer_004" time="20.468" errors="0" timestamp="20 Jan 2019 22:25:20 GMT" skipped="0">
  <testcase classname="com.inetbanking.testcases.TC_EditCustomer_004" name="EditCustomer" time="20.468"/>
</testsuite> <!-- com.inetbanking.testcases.TC_EditCustomer_004 -->
